# JRE version: Java(TM) SE Runtime Environment (8.0_101-b13) (build 1.8.0_101-b13)
# Java VM: Java HotSpot(TM) 64-Bit Server VM (25.101-b13 mixed mode windows-amd64 compressed oops)
Heap:
 PSYoungGen      total 663040K, used 179661K [0x00000000d5d80000, 0x0000000100000000, 0x0000000100000000)
  eden space 637440K, 28% used [0x00000000d5d80000,0x00000000e0cf3718,0x00000000fcc00000)
  from space 25600K, 0% used [0x00000000fe700000,0x00000000fe700000,0x0000000100000000)
  to   space 26624K, 0% used [0x00000000fcc00000,0x00000000fcc00000,0x00000000fe600000)
 ParOldGen       total 119808K, used 37856K [0x0000000081800000, 0x0000000088d00000, 0x00000000d5d80000)
  object space 119808K, 31% used [0x0000000081800000,0x0000000083cf8228,0x0000000088d00000)
 Metaspace       used 67715K, capacity 68542K, committed 68824K, reserved 1110016K
  class space    used 8416K, capacity 8609K, committed 8704K, reserved 1048576K
GC Heap History (10 events):
Event: 19.057 GC heap before
{Heap before GC invocations=14 (full 2):
 PSYoungGen      total 355328K, used 123673K [0x00000000d5d80000, 0x00000000f6600000, 0x0000000100000000)
  eden space 340992K, 32% used [0x00000000d5d80000,0x00000000dc849850,0x00000000eaa80000)
  from space 14336K, 99% used [0x00000000eaa80000,0x00000000eb87ce10,0x00000000eb880000)
  to   space 24576K, 0% used [0x00000000f4e00000,0x00000000f4e00000,0x00000000f6600000)
 ParOldGen       total 72704K, used 44734K [0x0000000081800000, 0x0000000085f00000, 0x00000000d5d80000)
  object space 72704K, 61% used [0x0000000081800000,0x00000000843af840,0x0000000085f00000)
 Metaspace       used 58351K, capacity 58952K, committed 59096K, reserved 1101824K
  class space    used 7222K, capacity 7374K, committed 7424K, reserved 1048576K
Event: 19.075 GC heap after
Heap after GC invocations=14 (full 2):
 PSYoungGen      total 493056K, used 6722K [0x00000000d5d80000, 0x00000000f5e00000, 0x0000000100000000)
  eden space 476672K, 0% used [0x00000000d5d80000,0x00000000d5d80000,0x00000000f2f00000)
  from space 16384K, 41% used [0x00000000f4e00000,0x00000000f5490ba8,0x00000000f5e00000)
  to   space 24064K, 0% used [0x00000000f2f00000,0x00000000f2f00000,0x00000000f4680000)
 ParOldGen       total 72704K, used 58816K [0x0000000081800000, 0x0000000085f00000, 0x00000000d5d80000)
  object space 72704K, 80% used [0x0000000081800000,0x00000000851703f0,0x0000000085f00000)
 Metaspace       used 58351K, capacity 58952K, committed 59096K, reserved 1101824K
  class space    used 7222K, capacity 7374K, committed 7424K, reserved 1048576K
}
Event: 19.075 GC heap before
{Heap before GC invocations=15 (full 3):
 PSYoungGen      total 493056K, used 6722K [0x00000000d5d80000, 0x00000000f5e00000, 0x0000000100000000)
  eden space 476672K, 0% used [0x00000000d5d80000,0x00000000d5d80000,0x00000000f2f00000)
  from space 16384K, 41% used [0x00000000f4e00000,0x00000000f5490ba8,0x00000000f5e00000)
  to   space 24064K, 0% used [0x00000000f2f00000,0x00000000f2f00000,0x00000000f4680000)
 ParOldGen       total 72704K, used 58816K [0x0000000081800000, 0x0000000085f00000, 0x00000000d5d80000)
  object space 72704K, 80% used [0x0000000081800000,0x00000000851703f0,0x0000000085f00000)
 Metaspace       used 58351K, capacity 58952K, committed 59096K, reserved 1101824K
  class space    used 7222K, capacity 7374K, committed 7424K, reserved 1048576K
Event: 19.329 GC heap after
Heap after GC invocations=15 (full 3):
 PSYoungGen      total 493056K, used 0K [0x00000000d5d80000, 0x00000000f5e00000, 0x0000000100000000)
  eden space 476672K, 0% used [0x00000000d5d80000,0x00000000d5d80000,0x00000000f2f00000)
  from space 16384K, 0% used [0x00000000f4e00000,0x00000000f4e00000,0x00000000f5e00000)
  to   space 24064K, 0% used [0x00000000f2f00000,0x00000000f2f00000,0x00000000f4680000)
 ParOldGen       total 119808K, used 48020K [0x0000000081800000, 0x0000000088d00000, 0x00000000d5d80000)
  object space 119808K, 40% used [0x0000000081800000,0x00000000846e5160,0x0000000088d00000)
 Metaspace       used 58329K, capacity 58916K, committed 59096K, reserved 1101824K
  class space    used 7219K, capacity 7368K, committed 7424K, reserved 1048576K
}
Event: 358.163 GC heap before
{Heap before GC invocations=16 (full 3):
 PSYoungGen      total 493056K, used 476672K [0x00000000d5d80000, 0x00000000f5e00000, 0x0000000100000000)
  eden space 476672K, 100% used [0x00000000d5d80000,0x00000000f2f00000,0x00000000f2f00000)
  from space 16384K, 0% used [0x00000000f4e00000,0x00000000f4e00000,0x00000000f5e00000)
  to   space 24064K, 0% used [0x00000000f2f00000,0x00000000f2f00000,0x00000000f4680000)
 ParOldGen       total 119808K, used 48020K [0x0000000081800000, 0x0000000088d00000, 0x00000000d5d80000)
  object space 119808K, 40% used [0x0000000081800000,0x00000000846e5160,0x0000000088d00000)
 Metaspace       used 67483K, capacity 68312K, committed 68568K, reserved 1110016K
  class space    used 8398K, capacity 8590K, committed 8704K, reserved 1048576K
Event: 358.179 GC heap after
Heap after GC invocations=16 (full 3):
 PSYoungGen      total 500736K, used 19082K [0x00000000d5d80000, 0x0000000100000000, 0x0000000100000000)
  eden space 476672K, 0% used [0x00000000d5d80000,0x00000000d5d80000,0x00000000f2f00000)
  from space 24064K, 79% used [0x00000000f2f00000,0x00000000f41a2810,0x00000000f4680000)
  to   space 25600K, 0% used [0x00000000fe700000,0x00000000fe700000,0x0000000100000000)
 ParOldGen       total 119808K, used 48028K [0x0000000081800000, 0x0000000088d00000, 0x00000000d5d80000)
  object space 119808K, 40% used [0x0000000081800000,0x00000000846e7160,0x0000000088d00000)
 Metaspace       used 67483K, capacity 68312K, committed 68568K, reserved 1110016K
  class space    used 8398K, capacity 8590K, committed 8704K, reserved 1048576K
}
Event: 358.444 GC heap before
{Heap before GC invocations=17 (full 3):
 PSYoungGen      total 500736K, used 44573K [0x00000000d5d80000, 0x0000000100000000, 0x0000000100000000)
  eden space 476672K, 5% used [0x00000000d5d80000,0x00000000d7664fc0,0x00000000f2f00000)
  from space 24064K, 79% used [0x00000000f2f00000,0x00000000f41a2810,0x00000000f4680000)
  to   space 25600K, 0% used [0x00000000fe700000,0x00000000fe700000,0x0000000100000000)
 ParOldGen       total 119808K, used 48028K [0x0000000081800000, 0x0000000088d00000, 0x00000000d5d80000)
  object space 119808K, 40% used [0x0000000081800000,0x00000000846e7160,0x0000000088d00000)
 Metaspace       used 67627K, capacity 68452K, committed 68824K, reserved 1110016K
  class space    used 8406K, capacity 8593K, committed 8704K, reserved 1048576K
Event: 358.451 GC heap after
Heap after GC invocations=17 (full 3):
 PSYoungGen      total 663040K, used 304K [0x00000000d5d80000, 0x0000000100000000, 0x0000000100000000)
  eden space 637440K, 0% used [0x00000000d5d80000,0x00000000d5d80000,0x00000000fcc00000)
  from space 25600K, 1% used [0x00000000fe700000,0x00000000fe74c390,0x0000000100000000)
  to   space 26624K, 0% used [0x00000000fcc00000,0x00000000fcc00000,0x00000000fe600000)
 ParOldGen       total 119808K, used 59557K [0x0000000081800000, 0x0000000088d00000, 0x00000000d5d80000)
  object space 119808K, 49% used [0x0000000081800000,0x00000000852294b0,0x0000000088d00000)
 Metaspace       used 67627K, capacity 68452K, committed 68824K, reserved 1110016K
  class space    used 8406K, capacity 8593K, committed 8704K, reserved 1048576K
}
Event: 358.451 GC heap before
{Heap before GC invocations=18 (full 4):
 PSYoungGen      total 663040K, used 304K [0x00000000d5d80000, 0x0000000100000000, 0x0000000100000000)
  eden space 637440K, 0% used [0x00000000d5d80000,0x00000000d5d80000,0x00000000fcc00000)
  from space 25600K, 1% used [0x00000000fe700000,0x00000000fe74c390,0x0000000100000000)
  to   space 26624K, 0% used [0x00000000fcc00000,0x00000000fcc00000,0x00000000fe600000)
 ParOldGen       total 119808K, used 59557K [0x0000000081800000, 0x0000000088d00000, 0x00000000d5d80000)
  object space 119808K, 49% used [0x0000000081800000,0x00000000852294b0,0x0000000088d00000)
 Metaspace       used 67627K, capacity 68452K, committed 68824K, reserved 1110016K
  class space    used 8406K, capacity 8593K, committed 8704K, reserved 1048576K
Event: 358.683 GC heap after
Heap after GC invocations=18 (full 4):
 PSYoungGen      total 663040K, used 0K [0x00000000d5d80000, 0x0000000100000000, 0x0000000100000000)
  eden space 637440K, 0% used [0x00000000d5d80000,0x00000000d5d80000,0x00000000fcc00000)
  from space 25600K, 0% used [0x00000000fe700000,0x00000000fe700000,0x0000000100000000)
  to   space 26624K, 0% used [0x00000000fcc00000,0x00000000fcc00000,0x00000000fe600000)
 ParOldGen       total 119808K, used 37856K [0x0000000081800000, 0x0000000088d00000, 0x00000000d5d80000)
  object space 119808K, 31% used [0x0000000081800000,0x0000000083cf8228,0x0000000088d00000)
 Metaspace       used 67627K, capacity 68452K, committed 68824K, reserved 1110016K
  class space    used 8406K, capacity 8593K, committed 8704K, reserved 1048576K
}

